The target system is: Arduino -  - 
The host system is: Linux - 4.4.0-34-generic - x86_64
Compiling the C compiler identification source file "CMakeCCompilerId.c" succeeded.
Compiler: /usr/bin/avr-gcc 
Build flags: 
Id flags: 

The output was:
0


Compilation of the C compiler identification source "CMakeCCompilerId.c" produced "a.out"

The C compiler identification is GNU, found in "/home/blusat/arduino-backup/arduino/CMakeFiles/3.5.1/CompilerIdC/a.out"

Compiling the CXX compiler identification source file "CMakeCXXCompilerId.cpp" succeeded.
Compiler: /usr/bin/avr-g++ 
Build flags: 
Id flags: 

The output was:
0


Compilation of the CXX compiler identification source "CMakeCXXCompilerId.cpp" produced "a.out"

The CXX compiler identification is GNU, found in "/home/blusat/arduino-backup/arduino/CMakeFiles/3.5.1/CompilerIdCXX/a.out"

Determining if the C compiler works passed with the following output:
Change Dir: /home/blusat/arduino-backup/arduino/CMakeFiles/CMakeTmp

Run Build Command:"/usr/bin/make" "cmTC_df265/fast"
/usr/bin/make -f CMakeFiles/cmTC_df265.dir/build.make CMakeFiles/cmTC_df265.dir/build
make[1]: Entering directory '/home/blusat/arduino-backup/arduino/CMakeFiles/CMakeTmp'
Building C object CMakeFiles/cmTC_df265.dir/testCCompiler.c.obj
/usr/bin/avr-gcc    -g -Os -w -ffunction-sections -fdata-sections -MMD    -o CMakeFiles/cmTC_df265.dir/testCCompiler.c.obj   -c /home/blusat/arduino-backup/arduino/CMakeFiles/CMakeTmp/testCCompiler.c
Linking C executable cmTC_df265
/usr/bin/cmake -E cmake_link_script CMakeFiles/cmTC_df265.dir/link.txt --verbose=1
/usr/bin/avr-gcc  -g -Os -w -ffunction-sections -fdata-sections -MMD   -w -Os -Wl,--gc-sections  CMakeFiles/cmTC_df265.dir/testCCompiler.c.obj  -o cmTC_df265  
make[1]: Leaving directory '/home/blusat/arduino-backup/arduino/CMakeFiles/CMakeTmp'


Detecting C compiler ABI info compiled with the following output:
Change Dir: /home/blusat/arduino-backup/arduino/CMakeFiles/CMakeTmp

Run Build Command:"/usr/bin/make" "cmTC_40f39/fast"
/usr/bin/make -f CMakeFiles/cmTC_40f39.dir/build.make CMakeFiles/cmTC_40f39.dir/build
make[1]: Entering directory '/home/blusat/arduino-backup/arduino/CMakeFiles/CMakeTmp'
Building C object CMakeFiles/cmTC_40f39.dir/CMakeCCompilerABI.c.obj
/usr/bin/avr-gcc    -g -Os -w -ffunction-sections -fdata-sections -MMD    -o CMakeFiles/cmTC_40f39.dir/CMakeCCompilerABI.c.obj   -c /usr/share/cmake-3.5/Modules/CMakeCCompilerABI.c
Linking C executable cmTC_40f39
/usr/bin/cmake -E cmake_link_script CMakeFiles/cmTC_40f39.dir/link.txt --verbose=1
/usr/bin/avr-gcc  -g -Os -w -ffunction-sections -fdata-sections -MMD   -w -Os -Wl,--gc-sections -v CMakeFiles/cmTC_40f39.dir/CMakeCCompilerABI.c.obj  -o cmTC_40f39   
Using built-in specs.
Reading specs from /usr/lib/gcc/avr/4.9.2/device-specs/specs-avr2
COLLECT_GCC=/usr/bin/avr-gcc
COLLECT_LTO_WRAPPER=/usr/lib/gcc/avr/4.9.2/lto-wrapper
Target: avr
Configured with: ../src/configure -v --enable-languages=c,c++ --prefix=/usr/lib --infodir=/usr/share/info --mandir=/usr/share/man --bindir=/usr/bin --libexecdir=/usr/lib --libdir=/usr/lib --enable-shared --with-system-zlib --enable-long-long --enable-nls --without-included-gettext --disable-libssp --build=x86_64-linux-gnu --host=x86_64-linux-gnu --target=avr CFLAGS='-g -O2 -fstack-protector-strong -Wformat ' CPPFLAGS=-D_FORTIFY_SOURCE=2 CXXFLAGS='-g -O2 -fstack-protector-strong -Wformat ' FCFLAGS='-g -O2 -fstack-protector-strong' FFLAGS='-g -O2 -fstack-protector-strong' GCJFLAGS='-g -O2 -fstack-protector-strong' LDFLAGS='-Wl,-Bsymbolic-functions -Wl,-z,relro' OBJCFLAGS='-g -O2 -fstack-protector-strong -Wformat ' OBJCXXFLAGS='-g -O2 -fstack-protector-strong -Wformat '
Thread model: single
gcc version 4.9.2 (GCC) 
COMPILER_PATH=/usr/lib/gcc/avr/4.9.2/:/usr/lib/gcc/avr/4.9.2/:/usr/lib/gcc/avr/:/usr/lib/gcc/avr/4.9.2/:/usr/lib/gcc/avr/:/usr/lib/gcc/avr/4.9.2/../../../avr/bin/
LIBRARY_PATH=/usr/lib/gcc/avr/4.9.2/:/usr/lib/gcc/avr/4.9.2/../../../avr/lib/
COLLECT_GCC_OPTIONS='-g' '-Os' '-w' '-ffunction-sections' '-fdata-sections' '-MMD' '-w' '-Os' '-v' '-o' 'cmTC_40f39' '-specs=device-specs/specs-avr2'
 /usr/lib/gcc/avr/4.9.2/collect2 -plugin /usr/lib/gcc/avr/4.9.2/liblto_plugin.so -plugin-opt=/usr/lib/gcc/avr/4.9.2/lto-wrapper -plugin-opt=-fresolution=/tmp/ccWXkcf8.res -plugin-opt=-pass-through=-lgcc -plugin-opt=-pass-through=-lm -plugin-opt=-pass-through=-lc -o cmTC_40f39 -L/usr/lib/gcc/avr/4.9.2 -L/usr/lib/gcc/avr/4.9.2/../../../avr/lib --gc-sections CMakeFiles/cmTC_40f39.dir/CMakeCCompilerABI.c.obj --start-group -lgcc -lm -lc --end-group
make[1]: Leaving directory '/home/blusat/arduino-backup/arduino/CMakeFiles/CMakeTmp'


Parsed C implicit link information from above output:
  link line regex: [^( *|.*[/\])(avr-ld|([^/\]+-)?ld|collect2)[^/\]*( |$)]
  ignore line: [Change Dir: /home/blusat/arduino-backup/arduino/CMakeFiles/CMakeTmp]
  ignore line: []
  ignore line: [Run Build Command:"/usr/bin/make" "cmTC_40f39/fast"]
  ignore line: [/usr/bin/make -f CMakeFiles/cmTC_40f39.dir/build.make CMakeFiles/cmTC_40f39.dir/build]
  ignore line: [make[1]: Entering directory '/home/blusat/arduino-backup/arduino/CMakeFiles/CMakeTmp']
  ignore line: [Building C object CMakeFiles/cmTC_40f39.dir/CMakeCCompilerABI.c.obj]
  ignore line: [/usr/bin/avr-gcc    -g -Os -w -ffunction-sections -fdata-sections -MMD    -o CMakeFiles/cmTC_40f39.dir/CMakeCCompilerABI.c.obj   -c /usr/share/cmake-3.5/Modules/CMakeCCompilerABI.c]
  ignore line: [Linking C executable cmTC_40f39]
  ignore line: [/usr/bin/cmake -E cmake_link_script CMakeFiles/cmTC_40f39.dir/link.txt --verbose=1]
  ignore line: [/usr/bin/avr-gcc  -g -Os -w -ffunction-sections -fdata-sections -MMD   -w -Os -Wl,--gc-sections -v CMakeFiles/cmTC_40f39.dir/CMakeCCompilerABI.c.obj  -o cmTC_40f39   ]
  ignore line: [Using built-in specs.]
  ignore line: [Reading specs from /usr/lib/gcc/avr/4.9.2/device-specs/specs-avr2]
  ignore line: [COLLECT_GCC=/usr/bin/avr-gcc]
  ignore line: [COLLECT_LTO_WRAPPER=/usr/lib/gcc/avr/4.9.2/lto-wrapper]
  ignore line: [Target: avr]
  ignore line: [Configured with: ../src/configure -v --enable-languages=c,c++ --prefix=/usr/lib --infodir=/usr/share/info --mandir=/usr/share/man --bindir=/usr/bin --libexecdir=/usr/lib --libdir=/usr/lib --enable-shared --with-system-zlib --enable-long-long --enable-nls --without-included-gettext --disable-libssp --build=x86_64-linux-gnu --host=x86_64-linux-gnu --target=avr CFLAGS='-g -O2 -fstack-protector-strong -Wformat ' CPPFLAGS=-D_FORTIFY_SOURCE=2 CXXFLAGS='-g -O2 -fstack-protector-strong -Wformat ' FCFLAGS='-g -O2 -fstack-protector-strong' FFLAGS='-g -O2 -fstack-protector-strong' GCJFLAGS='-g -O2 -fstack-protector-strong' LDFLAGS='-Wl,-Bsymbolic-functions -Wl,-z,relro' OBJCFLAGS='-g -O2 -fstack-protector-strong -Wformat ' OBJCXXFLAGS='-g -O2 -fstack-protector-strong -Wformat ']
  ignore line: [Thread model: single]
  ignore line: [gcc version 4.9.2 (GCC) ]
  ignore line: [COMPILER_PATH=/usr/lib/gcc/avr/4.9.2/:/usr/lib/gcc/avr/4.9.2/:/usr/lib/gcc/avr/:/usr/lib/gcc/avr/4.9.2/:/usr/lib/gcc/avr/:/usr/lib/gcc/avr/4.9.2/../../../avr/bin/]
  ignore line: [LIBRARY_PATH=/usr/lib/gcc/avr/4.9.2/:/usr/lib/gcc/avr/4.9.2/../../../avr/lib/]
  ignore line: [COLLECT_GCC_OPTIONS='-g' '-Os' '-w' '-ffunction-sections' '-fdata-sections' '-MMD' '-w' '-Os' '-v' '-o' 'cmTC_40f39' '-specs=device-specs/specs-avr2']
  link line: [ /usr/lib/gcc/avr/4.9.2/collect2 -plugin /usr/lib/gcc/avr/4.9.2/liblto_plugin.so -plugin-opt=/usr/lib/gcc/avr/4.9.2/lto-wrapper -plugin-opt=-fresolution=/tmp/ccWXkcf8.res -plugin-opt=-pass-through=-lgcc -plugin-opt=-pass-through=-lm -plugin-opt=-pass-through=-lc -o cmTC_40f39 -L/usr/lib/gcc/avr/4.9.2 -L/usr/lib/gcc/avr/4.9.2/../../../avr/lib --gc-sections CMakeFiles/cmTC_40f39.dir/CMakeCCompilerABI.c.obj --start-group -lgcc -lm -lc --end-group]
    arg [/usr/lib/gcc/avr/4.9.2/collect2] ==> ignore
    arg [-plugin] ==> ignore
    arg [/usr/lib/gcc/avr/4.9.2/liblto_plugin.so] ==> ignore
    arg [-plugin-opt=/usr/lib/gcc/avr/4.9.2/lto-wrapper] ==> ignore
    arg [-plugin-opt=-fresolution=/tmp/ccWXkcf8.res] ==> ignore
    arg [-plugin-opt=-pass-through=-lgcc] ==> ignore
    arg [-plugin-opt=-pass-through=-lm] ==> ignore
    arg [-plugin-opt=-pass-through=-lc] ==> ignore
    arg [-o] ==> ignore
    arg [cmTC_40f39] ==> ignore
    arg [-L/usr/lib/gcc/avr/4.9.2] ==> dir [/usr/lib/gcc/avr/4.9.2]
    arg [-L/usr/lib/gcc/avr/4.9.2/../../../avr/lib] ==> dir [/usr/lib/gcc/avr/4.9.2/../../../avr/lib]
    arg [--gc-sections] ==> ignore
    arg [CMakeFiles/cmTC_40f39.dir/CMakeCCompilerABI.c.obj] ==> ignore
    arg [--start-group] ==> ignore
    arg [-lgcc] ==> lib [gcc]
    arg [-lm] ==> lib [m]
    arg [-lc] ==> lib [c]
    arg [--end-group] ==> ignore
  remove lib [gcc]
  collapse library dir [/usr/lib/gcc/avr/4.9.2] ==> [/usr/lib/gcc/avr/4.9.2]
  collapse library dir [/usr/lib/gcc/avr/4.9.2/../../../avr/lib] ==> [/usr/lib/avr/lib]
  implicit libs: [m;c]
  implicit dirs: [/usr/lib/gcc/avr/4.9.2;/usr/lib/avr/lib]
  implicit fwks: []




Detecting C [-std=c11] compiler features compiled with the following output:
Change Dir: /home/blusat/arduino-backup/arduino/CMakeFiles/CMakeTmp

Run Build Command:"/usr/bin/make" "cmTC_691e7/fast"
/usr/bin/make -f CMakeFiles/cmTC_691e7.dir/build.make CMakeFiles/cmTC_691e7.dir/build
make[1]: Entering directory '/home/blusat/arduino-backup/arduino/CMakeFiles/CMakeTmp'
Building C object CMakeFiles/cmTC_691e7.dir/feature_tests.c.obj
/usr/bin/avr-gcc    -g -Os -w -ffunction-sections -fdata-sections -MMD    -std=c11 -o CMakeFiles/cmTC_691e7.dir/feature_tests.c.obj   -c /home/blusat/arduino-backup/arduino/CMakeFiles/feature_tests.c
Linking C executable cmTC_691e7
/usr/bin/cmake -E cmake_link_script CMakeFiles/cmTC_691e7.dir/link.txt --verbose=1
/usr/bin/avr-gcc  -g -Os -w -ffunction-sections -fdata-sections -MMD   -w -Os -Wl,--gc-sections  CMakeFiles/cmTC_691e7.dir/feature_tests.c.obj  -o cmTC_691e7  
make[1]: Leaving directory '/home/blusat/arduino-backup/arduino/CMakeFiles/CMakeTmp'




Detecting C [-std=c99] compiler features compiled with the following output:
Change Dir: /home/blusat/arduino-backup/arduino/CMakeFiles/CMakeTmp

Run Build Command:"/usr/bin/make" "cmTC_0fccf/fast"
/usr/bin/make -f CMakeFiles/cmTC_0fccf.dir/build.make CMakeFiles/cmTC_0fccf.dir/build
make[1]: Entering directory '/home/blusat/arduino-backup/arduino/CMakeFiles/CMakeTmp'
Building C object CMakeFiles/cmTC_0fccf.dir/feature_tests.c.obj
/usr/bin/avr-gcc    -g -Os -w -ffunction-sections -fdata-sections -MMD    -std=c99 -o CMakeFiles/cmTC_0fccf.dir/feature_tests.c.obj   -c /home/blusat/arduino-backup/arduino/CMakeFiles/feature_tests.c
Linking C executable cmTC_0fccf
/usr/bin/cmake -E cmake_link_script CMakeFiles/cmTC_0fccf.dir/link.txt --verbose=1
/usr/bin/avr-gcc  -g -Os -w -ffunction-sections -fdata-sections -MMD   -w -Os -Wl,--gc-sections  CMakeFiles/cmTC_0fccf.dir/feature_tests.c.obj  -o cmTC_0fccf  
make[1]: Leaving directory '/home/blusat/arduino-backup/arduino/CMakeFiles/CMakeTmp'




Detecting C [-std=c90] compiler features compiled with the following output:
Change Dir: /home/blusat/arduino-backup/arduino/CMakeFiles/CMakeTmp

Run Build Command:"/usr/bin/make" "cmTC_7d02a/fast"
/usr/bin/make -f CMakeFiles/cmTC_7d02a.dir/build.make CMakeFiles/cmTC_7d02a.dir/build
make[1]: Entering directory '/home/blusat/arduino-backup/arduino/CMakeFiles/CMakeTmp'
Building C object CMakeFiles/cmTC_7d02a.dir/feature_tests.c.obj
/usr/bin/avr-gcc    -g -Os -w -ffunction-sections -fdata-sections -MMD    -std=c90 -o CMakeFiles/cmTC_7d02a.dir/feature_tests.c.obj   -c /home/blusat/arduino-backup/arduino/CMakeFiles/feature_tests.c
Linking C executable cmTC_7d02a
/usr/bin/cmake -E cmake_link_script CMakeFiles/cmTC_7d02a.dir/link.txt --verbose=1
/usr/bin/avr-gcc  -g -Os -w -ffunction-sections -fdata-sections -MMD   -w -Os -Wl,--gc-sections  CMakeFiles/cmTC_7d02a.dir/feature_tests.c.obj  -o cmTC_7d02a  
make[1]: Leaving directory '/home/blusat/arduino-backup/arduino/CMakeFiles/CMakeTmp'


Determining if the CXX compiler works passed with the following output:
Change Dir: /home/blusat/arduino-backup/arduino/CMakeFiles/CMakeTmp

Run Build Command:"/usr/bin/make" "cmTC_b4b4c/fast"
/usr/bin/make -f CMakeFiles/cmTC_b4b4c.dir/build.make CMakeFiles/cmTC_b4b4c.dir/build
make[1]: Entering directory '/home/blusat/arduino-backup/arduino/CMakeFiles/CMakeTmp'
Building CXX object CMakeFiles/cmTC_b4b4c.dir/testCXXCompiler.cxx.obj
/usr/bin/avr-g++     -g -Os -w -fno-exceptions -ffunction-sections -fdata-sections -fno-threadsafe-statics -MMD    -o CMakeFiles/cmTC_b4b4c.dir/testCXXCompiler.cxx.obj -c /home/blusat/arduino-backup/arduino/CMakeFiles/CMakeTmp/testCXXCompiler.cxx
Linking CXX executable cmTC_b4b4c
/usr/bin/cmake -E cmake_link_script CMakeFiles/cmTC_b4b4c.dir/link.txt --verbose=1
/usr/bin/avr-g++   -g -Os -w -fno-exceptions -ffunction-sections -fdata-sections -fno-threadsafe-statics -MMD   -w -Os -Wl,--gc-sections  CMakeFiles/cmTC_b4b4c.dir/testCXXCompiler.cxx.obj  -o cmTC_b4b4c  
make[1]: Leaving directory '/home/blusat/arduino-backup/arduino/CMakeFiles/CMakeTmp'


Detecting CXX compiler ABI info compiled with the following output:
Change Dir: /home/blusat/arduino-backup/arduino/CMakeFiles/CMakeTmp

Run Build Command:"/usr/bin/make" "cmTC_6e581/fast"
/usr/bin/make -f CMakeFiles/cmTC_6e581.dir/build.make CMakeFiles/cmTC_6e581.dir/build
make[1]: Entering directory '/home/blusat/arduino-backup/arduino/CMakeFiles/CMakeTmp'
Building CXX object CMakeFiles/cmTC_6e581.dir/CMakeCXXCompilerABI.cpp.obj
/usr/bin/avr-g++     -g -Os -w -fno-exceptions -ffunction-sections -fdata-sections -fno-threadsafe-statics -MMD    -o CMakeFiles/cmTC_6e581.dir/CMakeCXXCompilerABI.cpp.obj -c /usr/share/cmake-3.5/Modules/CMakeCXXCompilerABI.cpp
Linking CXX executable cmTC_6e581
/usr/bin/cmake -E cmake_link_script CMakeFiles/cmTC_6e581.dir/link.txt --verbose=1
/usr/bin/avr-g++   -g -Os -w -fno-exceptions -ffunction-sections -fdata-sections -fno-threadsafe-statics -MMD   -w -Os -Wl,--gc-sections -v CMakeFiles/cmTC_6e581.dir/CMakeCXXCompilerABI.cpp.obj  -o cmTC_6e581   
Using built-in specs.
Reading specs from /usr/lib/gcc/avr/4.9.2/device-specs/specs-avr2
COLLECT_GCC=/usr/bin/avr-g++
COLLECT_LTO_WRAPPER=/usr/lib/gcc/avr/4.9.2/lto-wrapper
Target: avr
Configured with: ../src/configure -v --enable-languages=c,c++ --prefix=/usr/lib --infodir=/usr/share/info --mandir=/usr/share/man --bindir=/usr/bin --libexecdir=/usr/lib --libdir=/usr/lib --enable-shared --with-system-zlib --enable-long-long --enable-nls --without-included-gettext --disable-libssp --build=x86_64-linux-gnu --host=x86_64-linux-gnu --target=avr CFLAGS='-g -O2 -fstack-protector-strong -Wformat ' CPPFLAGS=-D_FORTIFY_SOURCE=2 CXXFLAGS='-g -O2 -fstack-protector-strong -Wformat ' FCFLAGS='-g -O2 -fstack-protector-strong' FFLAGS='-g -O2 -fstack-protector-strong' GCJFLAGS='-g -O2 -fstack-protector-strong' LDFLAGS='-Wl,-Bsymbolic-functions -Wl,-z,relro' OBJCFLAGS='-g -O2 -fstack-protector-strong -Wformat ' OBJCXXFLAGS='-g -O2 -fstack-protector-strong -Wformat '
Thread model: single
gcc version 4.9.2 (GCC) 
COMPILER_PATH=/usr/lib/gcc/avr/4.9.2/:/usr/lib/gcc/avr/4.9.2/:/usr/lib/gcc/avr/:/usr/lib/gcc/avr/4.9.2/:/usr/lib/gcc/avr/:/usr/lib/gcc/avr/4.9.2/../../../avr/bin/
LIBRARY_PATH=/usr/lib/gcc/avr/4.9.2/:/usr/lib/gcc/avr/4.9.2/../../../avr/lib/
COLLECT_GCC_OPTIONS='-g' '-Os' '-w' '-fno-exceptions' '-ffunction-sections' '-fdata-sections' '-fno-threadsafe-statics' '-MMD' '-w' '-Os' '-v' '-o' 'cmTC_6e581' '-specs=device-specs/specs-avr2'
 /usr/lib/gcc/avr/4.9.2/collect2 -plugin /usr/lib/gcc/avr/4.9.2/liblto_plugin.so -plugin-opt=/usr/lib/gcc/avr/4.9.2/lto-wrapper -plugin-opt=-fresolution=/tmp/cc87KlfP.res -plugin-opt=-pass-through=-lgcc -plugin-opt=-pass-through=-lm -plugin-opt=-pass-through=-lc -o cmTC_6e581 -L/usr/lib/gcc/avr/4.9.2 -L/usr/lib/gcc/avr/4.9.2/../../../avr/lib --gc-sections CMakeFiles/cmTC_6e581.dir/CMakeCXXCompilerABI.cpp.obj -lgcc -lm --start-group -lgcc -lm -lc --end-group
make[1]: Leaving directory '/home/blusat/arduino-backup/arduino/CMakeFiles/CMakeTmp'


Parsed CXX implicit link information from above output:
  link line regex: [^( *|.*[/\])(avr-ld|([^/\]+-)?ld|collect2)[^/\]*( |$)]
  ignore line: [Change Dir: /home/blusat/arduino-backup/arduino/CMakeFiles/CMakeTmp]
  ignore line: []
  ignore line: [Run Build Command:"/usr/bin/make" "cmTC_6e581/fast"]
  ignore line: [/usr/bin/make -f CMakeFiles/cmTC_6e581.dir/build.make CMakeFiles/cmTC_6e581.dir/build]
  ignore line: [make[1]: Entering directory '/home/blusat/arduino-backup/arduino/CMakeFiles/CMakeTmp']
  ignore line: [Building CXX object CMakeFiles/cmTC_6e581.dir/CMakeCXXCompilerABI.cpp.obj]
  ignore line: [/usr/bin/avr-g++     -g -Os -w -fno-exceptions -ffunction-sections -fdata-sections -fno-threadsafe-statics -MMD    -o CMakeFiles/cmTC_6e581.dir/CMakeCXXCompilerABI.cpp.obj -c /usr/share/cmake-3.5/Modules/CMakeCXXCompilerABI.cpp]
  ignore line: [Linking CXX executable cmTC_6e581]
  ignore line: [/usr/bin/cmake -E cmake_link_script CMakeFiles/cmTC_6e581.dir/link.txt --verbose=1]
  ignore line: [/usr/bin/avr-g++   -g -Os -w -fno-exceptions -ffunction-sections -fdata-sections -fno-threadsafe-statics -MMD   -w -Os -Wl,--gc-sections -v CMakeFiles/cmTC_6e581.dir/CMakeCXXCompilerABI.cpp.obj  -o cmTC_6e581   ]
  ignore line: [Using built-in specs.]
  ignore line: [Reading specs from /usr/lib/gcc/avr/4.9.2/device-specs/specs-avr2]
  ignore line: [COLLECT_GCC=/usr/bin/avr-g++]
  ignore line: [COLLECT_LTO_WRAPPER=/usr/lib/gcc/avr/4.9.2/lto-wrapper]
  ignore line: [Target: avr]
  ignore line: [Configured with: ../src/configure -v --enable-languages=c,c++ --prefix=/usr/lib --infodir=/usr/share/info --mandir=/usr/share/man --bindir=/usr/bin --libexecdir=/usr/lib --libdir=/usr/lib --enable-shared --with-system-zlib --enable-long-long --enable-nls --without-included-gettext --disable-libssp --build=x86_64-linux-gnu --host=x86_64-linux-gnu --target=avr CFLAGS='-g -O2 -fstack-protector-strong -Wformat ' CPPFLAGS=-D_FORTIFY_SOURCE=2 CXXFLAGS='-g -O2 -fstack-protector-strong -Wformat ' FCFLAGS='-g -O2 -fstack-protector-strong' FFLAGS='-g -O2 -fstack-protector-strong' GCJFLAGS='-g -O2 -fstack-protector-strong' LDFLAGS='-Wl,-Bsymbolic-functions -Wl,-z,relro' OBJCFLAGS='-g -O2 -fstack-protector-strong -Wformat ' OBJCXXFLAGS='-g -O2 -fstack-protector-strong -Wformat ']
  ignore line: [Thread model: single]
  ignore line: [gcc version 4.9.2 (GCC) ]
  ignore line: [COMPILER_PATH=/usr/lib/gcc/avr/4.9.2/:/usr/lib/gcc/avr/4.9.2/:/usr/lib/gcc/avr/:/usr/lib/gcc/avr/4.9.2/:/usr/lib/gcc/avr/:/usr/lib/gcc/avr/4.9.2/../../../avr/bin/]
  ignore line: [LIBRARY_PATH=/usr/lib/gcc/avr/4.9.2/:/usr/lib/gcc/avr/4.9.2/../../../avr/lib/]
  ignore line: [COLLECT_GCC_OPTIONS='-g' '-Os' '-w' '-fno-exceptions' '-ffunction-sections' '-fdata-sections' '-fno-threadsafe-statics' '-MMD' '-w' '-Os' '-v' '-o' 'cmTC_6e581' '-specs=device-specs/specs-avr2']
  link line: [ /usr/lib/gcc/avr/4.9.2/collect2 -plugin /usr/lib/gcc/avr/4.9.2/liblto_plugin.so -plugin-opt=/usr/lib/gcc/avr/4.9.2/lto-wrapper -plugin-opt=-fresolution=/tmp/cc87KlfP.res -plugin-opt=-pass-through=-lgcc -plugin-opt=-pass-through=-lm -plugin-opt=-pass-through=-lc -o cmTC_6e581 -L/usr/lib/gcc/avr/4.9.2 -L/usr/lib/gcc/avr/4.9.2/../../../avr/lib --gc-sections CMakeFiles/cmTC_6e581.dir/CMakeCXXCompilerABI.cpp.obj -lgcc -lm --start-group -lgcc -lm -lc --end-group]
    arg [/usr/lib/gcc/avr/4.9.2/collect2] ==> ignore
    arg [-plugin] ==> ignore
    arg [/usr/lib/gcc/avr/4.9.2/liblto_plugin.so] ==> ignore
    arg [-plugin-opt=/usr/lib/gcc/avr/4.9.2/lto-wrapper] ==> ignore
    arg [-plugin-opt=-fresolution=/tmp/cc87KlfP.res] ==> ignore
    arg [-plugin-opt=-pass-through=-lgcc] ==> ignore
    arg [-plugin-opt=-pass-through=-lm] ==> ignore
    arg [-plugin-opt=-pass-through=-lc] ==> ignore
    arg [-o] ==> ignore
    arg [cmTC_6e581] ==> ignore
    arg [-L/usr/lib/gcc/avr/4.9.2] ==> dir [/usr/lib/gcc/avr/4.9.2]
    arg [-L/usr/lib/gcc/avr/4.9.2/../../../avr/lib] ==> dir [/usr/lib/gcc/avr/4.9.2/../../../avr/lib]
    arg [--gc-sections] ==> ignore
    arg [CMakeFiles/cmTC_6e581.dir/CMakeCXXCompilerABI.cpp.obj] ==> ignore
    arg [-lgcc] ==> lib [gcc]
    arg [-lm] ==> lib [m]
    arg [--start-group] ==> ignore
    arg [-lgcc] ==> lib [gcc]
    arg [-lm] ==> lib [m]
    arg [-lc] ==> lib [c]
    arg [--end-group] ==> ignore
  remove lib [gcc]
  remove lib [gcc]
  collapse library dir [/usr/lib/gcc/avr/4.9.2] ==> [/usr/lib/gcc/avr/4.9.2]
  collapse library dir [/usr/lib/gcc/avr/4.9.2/../../../avr/lib] ==> [/usr/lib/avr/lib]
  implicit libs: [m;m;c]
  implicit dirs: [/usr/lib/gcc/avr/4.9.2;/usr/lib/avr/lib]
  implicit fwks: []




Detecting CXX [-std=c++14] compiler features compiled with the following output:
Change Dir: /home/blusat/arduino-backup/arduino/CMakeFiles/CMakeTmp

Run Build Command:"/usr/bin/make" "cmTC_fc96e/fast"
/usr/bin/make -f CMakeFiles/cmTC_fc96e.dir/build.make CMakeFiles/cmTC_fc96e.dir/build
make[1]: Entering directory '/home/blusat/arduino-backup/arduino/CMakeFiles/CMakeTmp'
Building CXX object CMakeFiles/cmTC_fc96e.dir/feature_tests.cxx.obj
/usr/bin/avr-g++     -g -Os -w -fno-exceptions -ffunction-sections -fdata-sections -fno-threadsafe-statics -MMD    -std=c++14 -o CMakeFiles/cmTC_fc96e.dir/feature_tests.cxx.obj -c /home/blusat/arduino-backup/arduino/CMakeFiles/feature_tests.cxx
Linking CXX executable cmTC_fc96e
/usr/bin/cmake -E cmake_link_script CMakeFiles/cmTC_fc96e.dir/link.txt --verbose=1
/usr/bin/avr-g++   -g -Os -w -fno-exceptions -ffunction-sections -fdata-sections -fno-threadsafe-statics -MMD   -w -Os -Wl,--gc-sections  CMakeFiles/cmTC_fc96e.dir/feature_tests.cxx.obj  -o cmTC_fc96e  
make[1]: Leaving directory '/home/blusat/arduino-backup/arduino/CMakeFiles/CMakeTmp'




Detecting CXX [-std=c++11] compiler features compiled with the following output:
Change Dir: /home/blusat/arduino-backup/arduino/CMakeFiles/CMakeTmp

Run Build Command:"/usr/bin/make" "cmTC_f91f0/fast"
/usr/bin/make -f CMakeFiles/cmTC_f91f0.dir/build.make CMakeFiles/cmTC_f91f0.dir/build
make[1]: Entering directory '/home/blusat/arduino-backup/arduino/CMakeFiles/CMakeTmp'
Building CXX object CMakeFiles/cmTC_f91f0.dir/feature_tests.cxx.obj
/usr/bin/avr-g++     -g -Os -w -fno-exceptions -ffunction-sections -fdata-sections -fno-threadsafe-statics -MMD    -std=c++11 -o CMakeFiles/cmTC_f91f0.dir/feature_tests.cxx.obj -c /home/blusat/arduino-backup/arduino/CMakeFiles/feature_tests.cxx
Linking CXX executable cmTC_f91f0
/usr/bin/cmake -E cmake_link_script CMakeFiles/cmTC_f91f0.dir/link.txt --verbose=1
/usr/bin/avr-g++   -g -Os -w -fno-exceptions -ffunction-sections -fdata-sections -fno-threadsafe-statics -MMD   -w -Os -Wl,--gc-sections  CMakeFiles/cmTC_f91f0.dir/feature_tests.cxx.obj  -o cmTC_f91f0  
make[1]: Leaving directory '/home/blusat/arduino-backup/arduino/CMakeFiles/CMakeTmp'




Detecting CXX [-std=c++98] compiler features compiled with the following output:
Change Dir: /home/blusat/arduino-backup/arduino/CMakeFiles/CMakeTmp

Run Build Command:"/usr/bin/make" "cmTC_d4349/fast"
/usr/bin/make -f CMakeFiles/cmTC_d4349.dir/build.make CMakeFiles/cmTC_d4349.dir/build
make[1]: Entering directory '/home/blusat/arduino-backup/arduino/CMakeFiles/CMakeTmp'
Building CXX object CMakeFiles/cmTC_d4349.dir/feature_tests.cxx.obj
/usr/bin/avr-g++     -g -Os -w -fno-exceptions -ffunction-sections -fdata-sections -fno-threadsafe-statics -MMD    -std=c++98 -o CMakeFiles/cmTC_d4349.dir/feature_tests.cxx.obj -c /home/blusat/arduino-backup/arduino/CMakeFiles/feature_tests.cxx
Linking CXX executable cmTC_d4349
/usr/bin/cmake -E cmake_link_script CMakeFiles/cmTC_d4349.dir/link.txt --verbose=1
/usr/bin/avr-g++   -g -Os -w -fno-exceptions -ffunction-sections -fdata-sections -fno-threadsafe-statics -MMD   -w -Os -Wl,--gc-sections  CMakeFiles/cmTC_d4349.dir/feature_tests.cxx.obj  -o cmTC_d4349  
make[1]: Leaving directory '/home/blusat/arduino-backup/arduino/CMakeFiles/CMakeTmp'


